-------------------------------------------------------------------------------
Test set: com.examplespringboot.springboot.SpringbootApplicationTests
-------------------------------------------------------------------------------
Tests run: 11, Failures: 0, Errors: 11, Skipped: 0, Time elapsed: 0.511 s <<< FAILURE! - in com.examplespringboot.springboot.SpringbootApplicationTests
dateOfBirthSerializes(com.examplespringboot.springboot.SpringbootApplicationTests)  Time elapsed: 0.001 s  <<< ERROR!
org.springframework.beans.factory.UnsatisfiedDependencyException: Error creating bean with name 'com.examplespringboot.springboot.SpringbootApplicationTests': Unsatisfied dependency expressed through field 'json'; nested exception is org.springframework.beans.factory.NoSuchBeanDefinitionException: No qualifying bean of type 'org.springframework.boot.test.json.JacksonTester<com.SpringBoot.model.PersonDTO>' available: expected at least 1 bean which qualifies as autowire candidate. Dependency annotations: {@org.springframework.beans.factory.annotation.Autowired(required=true)}
Caused by: org.springframework.beans.factory.NoSuchBeanDefinitionException: No qualifying bean of type 'org.springframework.boot.test.json.JacksonTester<com.SpringBoot.model.PersonDTO>' available: expected at least 1 bean which qualifies as autowire candidate. Dependency annotations: {@org.springframework.beans.factory.annotation.Autowired(required=true)}

professionSerializes(com.examplespringboot.springboot.SpringbootApplicationTests)  Time elapsed: 0 s  <<< ERROR!
org.springframework.beans.factory.UnsatisfiedDependencyException: Error creating bean with name 'com.examplespringboot.springboot.SpringbootApplicationTests': Unsatisfied dependency expressed through field 'json'; nested exception is org.springframework.beans.factory.NoSuchBeanDefinitionException: No qualifying bean of type 'org.springframework.boot.test.json.JacksonTester<com.SpringBoot.model.PersonDTO>' available: expected at least 1 bean which qualifies as autowire candidate. Dependency annotations: {@org.springframework.beans.factory.annotation.Autowired(required=true)}
Caused by: org.springframework.beans.factory.NoSuchBeanDefinitionException: No qualifying bean of type 'org.springframework.boot.test.json.JacksonTester<com.SpringBoot.model.PersonDTO>' available: expected at least 1 bean which qualifies as autowire candidate. Dependency annotations: {@org.springframework.beans.factory.annotation.Autowired(required=true)}

secondNameSerializes(com.examplespringboot.springboot.SpringbootApplicationTests)  Time elapsed: 0 s  <<< ERROR!
org.springframework.beans.factory.UnsatisfiedDependencyException: Error creating bean with name 'com.examplespringboot.springboot.SpringbootApplicationTests': Unsatisfied dependency expressed through field 'json'; nested exception is org.springframework.beans.factory.NoSuchBeanDefinitionException: No qualifying bean of type 'org.springframework.boot.test.json.JacksonTester<com.SpringBoot.model.PersonDTO>' available: expected at least 1 bean which qualifies as autowire candidate. Dependency annotations: {@org.springframework.beans.factory.annotation.Autowired(required=true)}
Caused by: org.springframework.beans.factory.NoSuchBeanDefinitionException: No qualifying bean of type 'org.springframework.boot.test.json.JacksonTester<com.SpringBoot.model.PersonDTO>' available: expected at least 1 bean which qualifies as autowire candidate. Dependency annotations: {@org.springframework.beans.factory.annotation.Autowired(required=true)}

secondNameDeserializes(com.examplespringboot.springboot.SpringbootApplicationTests)  Time elapsed: 0.001 s  <<< ERROR!
org.springframework.beans.factory.UnsatisfiedDependencyException: Error creating bean with name 'com.examplespringboot.springboot.SpringbootApplicationTests': Unsatisfied dependency expressed through field 'json'; nested exception is org.springframework.beans.factory.NoSuchBeanDefinitionException: No qualifying bean of type 'org.springframework.boot.test.json.JacksonTester<com.SpringBoot.model.PersonDTO>' available: expected at least 1 bean which qualifies as autowire candidate. Dependency annotations: {@org.springframework.beans.factory.annotation.Autowired(required=true)}
Caused by: org.springframework.beans.factory.NoSuchBeanDefinitionException: No qualifying bean of type 'org.springframework.boot.test.json.JacksonTester<com.SpringBoot.model.PersonDTO>' available: expected at least 1 bean which qualifies as autowire candidate. Dependency annotations: {@org.springframework.beans.factory.annotation.Autowired(required=true)}

professionDeserializes(com.examplespringboot.springboot.SpringbootApplicationTests)  Time elapsed: 0.001 s  <<< ERROR!
org.springframework.beans.factory.UnsatisfiedDependencyException: Error creating bean with name 'com.examplespringboot.springboot.SpringbootApplicationTests': Unsatisfied dependency expressed through field 'json'; nested exception is org.springframework.beans.factory.NoSuchBeanDefinitionException: No qualifying bean of type 'org.springframework.boot.test.json.JacksonTester<com.SpringBoot.model.PersonDTO>' available: expected at least 1 bean which qualifies as autowire candidate. Dependency annotations: {@org.springframework.beans.factory.annotation.Autowired(required=true)}
Caused by: org.springframework.beans.factory.NoSuchBeanDefinitionException: No qualifying bean of type 'org.springframework.boot.test.json.JacksonTester<com.SpringBoot.model.PersonDTO>' available: expected at least 1 bean which qualifies as autowire candidate. Dependency annotations: {@org.springframework.beans.factory.annotation.Autowired(required=true)}

salaryDeserializes(com.examplespringboot.springboot.SpringbootApplicationTests)  Time elapsed: 0 s  <<< ERROR!
org.springframework.beans.factory.UnsatisfiedDependencyException: Error creating bean with name 'com.examplespringboot.springboot.SpringbootApplicationTests': Unsatisfied dependency expressed through field 'json'; nested exception is org.springframework.beans.factory.NoSuchBeanDefinitionException: No qualifying bean of type 'org.springframework.boot.test.json.JacksonTester<com.SpringBoot.model.PersonDTO>' available: expected at least 1 bean which qualifies as autowire candidate. Dependency annotations: {@org.springframework.beans.factory.annotation.Autowired(required=true)}
Caused by: org.springframework.beans.factory.NoSuchBeanDefinitionException: No qualifying bean of type 'org.springframework.boot.test.json.JacksonTester<com.SpringBoot.model.PersonDTO>' available: expected at least 1 bean which qualifies as autowire candidate. Dependency annotations: {@org.springframework.beans.factory.annotation.Autowired(required=true)}

dateOfBirthDeserializes(com.examplespringboot.springboot.SpringbootApplicationTests)  Time elapsed: 0.001 s  <<< ERROR!
org.springframework.beans.factory.UnsatisfiedDependencyException: Error creating bean with name 'com.examplespringboot.springboot.SpringbootApplicationTests': Unsatisfied dependency expressed through field 'json'; nested exception is org.springframework.beans.factory.NoSuchBeanDefinitionException: No qualifying bean of type 'org.springframework.boot.test.json.JacksonTester<com.SpringBoot.model.PersonDTO>' available: expected at least 1 bean which qualifies as autowire candidate. Dependency annotations: {@org.springframework.beans.factory.annotation.Autowired(required=true)}
Caused by: org.springframework.beans.factory.NoSuchBeanDefinitionException: No qualifying bean of type 'org.springframework.boot.test.json.JacksonTester<com.SpringBoot.model.PersonDTO>' available: expected at least 1 bean which qualifies as autowire candidate. Dependency annotations: {@org.springframework.beans.factory.annotation.Autowired(required=true)}

firstNameSerializes(com.examplespringboot.springboot.SpringbootApplicationTests)  Time elapsed: 0 s  <<< ERROR!
org.springframework.beans.factory.UnsatisfiedDependencyException: Error creating bean with name 'com.examplespringboot.springboot.SpringbootApplicationTests': Unsatisfied dependency expressed through field 'json'; nested exception is org.springframework.beans.factory.NoSuchBeanDefinitionException: No qualifying bean of type 'org.springframework.boot.test.json.JacksonTester<com.SpringBoot.model.PersonDTO>' available: expected at least 1 bean which qualifies as autowire candidate. Dependency annotations: {@org.springframework.beans.factory.annotation.Autowired(required=true)}
Caused by: org.springframework.beans.factory.NoSuchBeanDefinitionException: No qualifying bean of type 'org.springframework.boot.test.json.JacksonTester<com.SpringBoot.model.PersonDTO>' available: expected at least 1 bean which qualifies as autowire candidate. Dependency annotations: {@org.springframework.beans.factory.annotation.Autowired(required=true)}

firstNameDeserializes(com.examplespringboot.springboot.SpringbootApplicationTests)  Time elapsed: 0.001 s  <<< ERROR!
org.springframework.beans.factory.UnsatisfiedDependencyException: Error creating bean with name 'com.examplespringboot.springboot.SpringbootApplicationTests': Unsatisfied dependency expressed through field 'json'; nested exception is org.springframework.beans.factory.NoSuchBeanDefinitionException: No qualifying bean of type 'org.springframework.boot.test.json.JacksonTester<com.SpringBoot.model.PersonDTO>' available: expected at least 1 bean which qualifies as autowire candidate. Dependency annotations: {@org.springframework.beans.factory.annotation.Autowired(required=true)}
Caused by: org.springframework.beans.factory.NoSuchBeanDefinitionException: No qualifying bean of type 'org.springframework.boot.test.json.JacksonTester<com.SpringBoot.model.PersonDTO>' available: expected at least 1 bean which qualifies as autowire candidate. Dependency annotations: {@org.springframework.beans.factory.annotation.Autowired(required=true)}

salarySerializes(com.examplespringboot.springboot.SpringbootApplicationTests)  Time elapsed: 0.001 s  <<< ERROR!
org.springframework.beans.factory.UnsatisfiedDependencyException: Error creating bean with name 'com.examplespringboot.springboot.SpringbootApplicationTests': Unsatisfied dependency expressed through field 'json'; nested exception is org.springframework.beans.factory.NoSuchBeanDefinitionException: No qualifying bean of type 'org.springframework.boot.test.json.JacksonTester<com.SpringBoot.model.PersonDTO>' available: expected at least 1 bean which qualifies as autowire candidate. Dependency annotations: {@org.springframework.beans.factory.annotation.Autowired(required=true)}
Caused by: org.springframework.beans.factory.NoSuchBeanDefinitionException: No qualifying bean of type 'org.springframework.boot.test.json.JacksonTester<com.SpringBoot.model.PersonDTO>' available: expected at least 1 bean which qualifies as autowire candidate. Dependency annotations: {@org.springframework.beans.factory.annotation.Autowired(required=true)}

contextLoads(com.examplespringboot.springboot.SpringbootApplicationTests)  Time elapsed: 0.002 s  <<< ERROR!
org.springframework.beans.factory.UnsatisfiedDependencyException: Error creating bean with name 'com.examplespringboot.springboot.SpringbootApplicationTests': Unsatisfied dependency expressed through field 'json'; nested exception is org.springframework.beans.factory.NoSuchBeanDefinitionException: No qualifying bean of type 'org.springframework.boot.test.json.JacksonTester<com.SpringBoot.model.PersonDTO>' available: expected at least 1 bean which qualifies as autowire candidate. Dependency annotations: {@org.springframework.beans.factory.annotation.Autowired(required=true)}
Caused by: org.springframework.beans.factory.NoSuchBeanDefinitionException: No qualifying bean of type 'org.springframework.boot.test.json.JacksonTester<com.SpringBoot.model.PersonDTO>' available: expected at least 1 bean which qualifies as autowire candidate. Dependency annotations: {@org.springframework.beans.factory.annotation.Autowired(required=true)}

